{"C:\\Users\\user\\OneDrive\\Desktop\\ATLP\\ATLP\\BACKEND\\portfolio\\src\\index.ts": {"path":"C:\\Users\\user\\OneDrive\\Desktop\\ATLP\\ATLP\\BACKEND\\portfolio\\src\\index.ts","statementMap":{"0":{"start":{"line":1,"column":0},"end":{"line":1,"column":30}},"1":{"start":{"line":2,"column":0},"end":{"line":2,"column":28}},"2":{"start":{"line":4,"column":0},"end":{"line":4,"column":46}},"3":{"start":{"line":5,"column":0},"end":{"line":5,"column":50}},"4":{"start":{"line":6,"column":0},"end":{"line":6,"column":56}},"5":{"start":{"line":8,"column":0},"end":{"line":8,"column":46}},"6":{"start":{"line":10,"column":29},"end":{"line":10,"column":46}},"7":{"start":{"line":11,"column":25},"end":{"line":11,"column":37}},"8":{"start":{"line":13,"column":12},"end":{"line":13,"column":21}},"9":{"start":{"line":14,"column":0},"end":{"line":14,"column":24}},"10":{"start":{"line":16,"column":0},"end":{"line":16,"column":23}},"11":{"start":{"line":17,"column":0},"end":{"line":17,"column":37}},"12":{"start":{"line":18,"column":0},"end":{"line":18,"column":37}},"13":{"start":{"line":19,"column":0},"end":{"line":19,"column":31}},"14":{"start":{"line":20,"column":0},"end":{"line":20,"column":22}},"15":{"start":{"line":22,"column":0},"end":{"line":22,"column":19}}},"fnMap":{},"branchMap":{},"s":{"0":1,"1":1,"2":1,"3":1,"4":1,"5":1,"6":1,"7":1,"8":1,"9":1,"10":1,"11":1,"12":1,"13":1,"14":1,"15":1},"f":{},"b":{}}
,"C:\\Users\\user\\OneDrive\\Desktop\\ATLP\\ATLP\\BACKEND\\portfolio\\src\\server.ts": {"path":"C:\\Users\\user\\OneDrive\\Desktop\\ATLP\\ATLP\\BACKEND\\portfolio\\src\\server.ts","statementMap":{"0":{"start":{"line":1,"column":0},"end":{"line":1,"column":28}},"1":{"start":{"line":2,"column":0},"end":{"line":2,"column":32}},"2":{"start":{"line":3,"column":0},"end":{"line":3,"column":55}},"3":{"start":{"line":5,"column":0},"end":{"line":5,"column":26}},"4":{"start":{"line":7,"column":13},"end":{"line":7,"column":37}},"5":{"start":{"line":8,"column":25},"end":{"line":8,"column":46}},"6":{"start":{"line":9,"column":30},"end":{"line":9,"column":56}},"7":{"start":{"line":10,"column":19},"end":{"line":10,"column":34}},"8":{"start":{"line":12,"column":0},"end":{"line":15,"column":42}},"9":{"start":{"line":14,"column":14},"end":{"line":14,"column":43}},"10":{"start":{"line":15,"column":16},"end":{"line":15,"column":41}},"11":{"start":{"line":17,"column":15},"end":{"line":18,"column":null}},"12":{"start":{"line":18,"column":2},"end":{"line":18,"column":null}},"13":{"start":{"line":20,"column":0},"end":{"line":20,"column":22}}},"fnMap":{"0":{"name":"(anonymous_1)","decl":{"start":{"line":14,"column":8},"end":{"line":14,"column":14}},"loc":{"start":{"line":14,"column":8},"end":{"line":14,"column":21}}},"1":{"name":"(anonymous_2)","decl":{"start":{"line":15,"column":9},"end":{"line":15,"column":10}},"loc":{"start":{"line":15,"column":11},"end":{"line":15,"column":23}}},"2":{"name":"(anonymous_3)","decl":{"start":{"line":17,"column":32},"end":{"line":17,"column":null}},"loc":{"start":{"line":17,"column":32},"end":{"line":18,"column":9}}}},"branchMap":{"0":{"loc":{"start":{"line":7,"column":13},"end":{"line":7,"column":37}},"type":"binary-expr","locations":[{"start":{"line":7,"column":13},"end":{"line":7,"column":29}},{"start":{"line":7,"column":33},"end":{"line":7,"column":37}}]}},"s":{"0":1,"1":1,"2":1,"3":1,"4":1,"5":1,"6":1,"7":1,"8":1,"9":1,"10":0,"11":1,"12":1,"13":1},"f":{"0":1,"1":0,"2":1},"b":{"0":[1,0]}}
,"C:\\Users\\user\\OneDrive\\Desktop\\ATLP\\ATLP\\BACKEND\\portfolio\\src\\controllers\\authController.ts": {"path":"C:\\Users\\user\\OneDrive\\Desktop\\ATLP\\ATLP\\BACKEND\\portfolio\\src\\controllers\\authController.ts","statementMap":{"0":{"start":{"line":1,"column":0},"end":{"line":1,"column":39}},"1":{"start":{"line":2,"column":0},"end":{"line":2,"column":28}},"2":{"start":{"line":3,"column":0},"end":{"line":3,"column":41}},"3":{"start":{"line":4,"column":0},"end":{"line":4,"column":31}},"4":{"start":{"line":6,"column":0},"end":{"line":6,"column":45}},"5":{"start":{"line":8,"column":0},"end":{"line":8,"column":28}},"6":{"start":{"line":10,"column":19},"end":{"line":10,"column":28}},"7":{"start":{"line":11,"column":0},"end":{"line":11,"column":45}},"8":{"start":{"line":33,"column":27},"end":{"line":38,"column":2}},"9":{"start":{"line":35,"column":28},"end":{"line":38,"column":2}},"10":{"start":{"line":37,"column":9},"end":{"line":37,"column":65}},"11":{"start":{"line":37,"column":2},"end":{"line":37,"column":65}},"12":{"start":{"line":39,"column":0},"end":{"line":39,"column":21}},"13":{"start":{"line":40,"column":9},"end":{"line":40,"column":18}},"14":{"start":{"line":41,"column":58},"end":{"line":67,"column":null}},"15":{"start":{"line":42,"column":12},"end":{"line":42,"column":64}},"16":{"start":{"line":43,"column":19},"end":{"line":43,"column":null}},"17":{"start":{"line":43,"column":12},"end":{"line":43,"column":null}},"18":{"start":{"line":44,"column":6},"end":{"line":47,"column":10}},"19":{"start":{"line":45,"column":8},"end":{"line":47,"column":10}},"20":{"start":{"line":48,"column":22},"end":{"line":54,"column":null}},"21":{"start":{"line":48,"column":12},"end":{"line":54,"column":null}},"22":{"start":{"line":55,"column":12},"end":{"line":59,"column":8}},"23":{"start":{"line":62,"column":6},"end":{"line":66,"column":9}},"24":{"start":{"line":70,"column":9},"end":{"line":70,"column":17}},"25":{"start":{"line":71,"column":58},"end":{"line":85,"column":null}},"26":{"start":{"line":72,"column":12},"end":{"line":72,"column":34}},"27":{"start":{"line":73,"column":6},"end":{"line":74,"column":76}},"28":{"start":{"line":74,"column":8},"end":{"line":74,"column":76}},"29":{"start":{"line":75,"column":19},"end":{"line":75,"column":null}},"30":{"start":{"line":75,"column":12},"end":{"line":75,"column":null}},"31":{"start":{"line":76,"column":10},"end":{"line":76,"column":19}},"32":{"start":{"line":76,"column":10},"end":{"line":76,"column":11}},"33":{"start":{"line":76,"column":21},"end":{"line":76,"column":71}},"34":{"start":{"line":76,"column":19},"end":{"line":76,"column":null}},"35":{"start":{"line":76,"column":6},"end":{"line":77,"column":76}},"36":{"start":{"line":77,"column":8},"end":{"line":77,"column":76}},"37":{"start":{"line":78,"column":12},"end":{"line":78,"column":50}},"38":{"start":{"line":80,"column":6},"end":{"line":84,"column":9}},"39":{"start":{"line":87,"column":9},"end":{"line":87,"column":25}},"40":{"start":{"line":88,"column":71},"end":{"line":113,"column":null}},"41":{"start":{"line":90,"column":12},"end":{"line":90,"column":54}},"42":{"start":{"line":91,"column":6},"end":{"line":93,"column":7}},"43":{"start":{"line":92,"column":8},"end":{"line":92,"column":75}},"44":{"start":{"line":94,"column":12},"end":{"line":94,"column":48}},"45":{"start":{"line":95,"column":6},"end":{"line":98,"column":10}},"46":{"start":{"line":96,"column":8},"end":{"line":98,"column":10}},"47":{"start":{"line":101,"column":12},"end":{"line":104,"column":15}},"48":{"start":{"line":106,"column":24},"end":{"line":106,"column":null}},"49":{"start":{"line":106,"column":12},"end":{"line":106,"column":null}},"50":{"start":{"line":107,"column":6},"end":{"line":107,"column":79}},"51":{"start":{"line":107,"column":22},"end":{"line":107,"column":79}},"52":{"start":{"line":111,"column":6},"end":{"line":111,"column":27}},"53":{"start":{"line":112,"column":6},"end":{"line":112,"column":13}},"54":{"start":{"line":115,"column":9},"end":{"line":115,"column":22}},"55":{"start":{"line":116,"column":71},"end":{"line":130,"column":null}},"56":{"start":{"line":118,"column":12},"end":{"line":118,"column":39}},"57":{"start":{"line":121,"column":6},"end":{"line":127,"column":10}},"58":{"start":{"line":122,"column":8},"end":{"line":127,"column":10}},"59":{"start":{"line":129,"column":6},"end":{"line":129,"column":13}},"60":{"start":{"line":132,"column":0},"end":{"line":132,"column":null}},"61":{"start":{"line":39,"column":21},"end":{"line":39,"column":null}}},"fnMap":{"0":{"name":"(anonymous_14)","decl":{"start":{"line":33,"column":27},"end":{"line":33,"column":null}},"loc":{"start":{"line":35,"column":28},"end":{"line":38,"column":2}}},"1":{"name":"(anonymous_15)","decl":{"start":{"line":35,"column":28},"end":{"line":35,"column":null}},"loc":{"start":{"line":35,"column":28},"end":{"line":38,"column":2}}},"2":{"name":"(anonymous_17)","decl":{"start":{"line":39,"column":0},"end":{"line":39,"column":21}},"loc":{"start":{"line":39,"column":0},"end":{"line":39,"column":21}}},"3":{"name":"(anonymous_19)","decl":{"start":{"line":41,"column":4},"end":{"line":41,"column":11}},"loc":{"start":{"line":41,"column":58},"end":{"line":67,"column":null}}},"4":{"name":"(anonymous_20)","decl":{"start":{"line":41,"column":58},"end":{"line":41,"column":null}},"loc":{"start":{"line":41,"column":58},"end":{"line":67,"column":null}}},"5":{"name":"(anonymous_22)","decl":{"start":{"line":71,"column":4},"end":{"line":71,"column":11}},"loc":{"start":{"line":71,"column":58},"end":{"line":85,"column":null}}},"6":{"name":"(anonymous_23)","decl":{"start":{"line":71,"column":58},"end":{"line":71,"column":null}},"loc":{"start":{"line":71,"column":58},"end":{"line":85,"column":null}}},"7":{"name":"(anonymous_25)","decl":{"start":{"line":88,"column":4},"end":{"line":88,"column":11}},"loc":{"start":{"line":88,"column":71},"end":{"line":113,"column":null}}},"8":{"name":"(anonymous_26)","decl":{"start":{"line":88,"column":71},"end":{"line":88,"column":null}},"loc":{"start":{"line":88,"column":71},"end":{"line":113,"column":null}}},"9":{"name":"(anonymous_28)","decl":{"start":{"line":116,"column":4},"end":{"line":116,"column":11}},"loc":{"start":{"line":116,"column":71},"end":{"line":130,"column":null}}},"10":{"name":"(anonymous_29)","decl":{"start":{"line":116,"column":71},"end":{"line":116,"column":null}},"loc":{"start":{"line":116,"column":71},"end":{"line":130,"column":null}}}},"branchMap":{"0":{"loc":{"start":{"line":37,"column":9},"end":{"line":37,"column":65}},"type":"switch","locations":[{"start":{"line":37,"column":9},"end":{"line":37,"column":65}},{"start":{"line":37,"column":2},"end":{"line":37,"column":65}}]},"1":{"loc":{"start":{"line":44,"column":6},"end":{"line":47,"column":10}},"type":"if","locations":[{"start":{"line":44,"column":6},"end":{"line":47,"column":10}}]},"2":{"loc":{"start":{"line":73,"column":6},"end":{"line":74,"column":76}},"type":"if","locations":[{"start":{"line":73,"column":6},"end":{"line":74,"column":76}}]},"3":{"loc":{"start":{"line":73,"column":10},"end":{"line":73,"column":29}},"type":"binary-expr","locations":[{"start":{"line":73,"column":10},"end":{"line":73,"column":16}},{"start":{"line":73,"column":20},"end":{"line":73,"column":29}}]},"4":{"loc":{"start":{"line":76,"column":10},"end":{"line":76,"column":11}},"type":"if","locations":[{"start":{"line":76,"column":10},"end":{"line":76,"column":11}}]},"5":{"loc":{"start":{"line":76,"column":6},"end":{"line":77,"column":76}},"type":"if","locations":[{"start":{"line":76,"column":6},"end":{"line":77,"column":76}}]},"6":{"loc":{"start":{"line":91,"column":6},"end":{"line":93,"column":7}},"type":"if","locations":[{"start":{"line":91,"column":6},"end":{"line":93,"column":7}}]},"7":{"loc":{"start":{"line":95,"column":6},"end":{"line":98,"column":10}},"type":"if","locations":[{"start":{"line":95,"column":6},"end":{"line":98,"column":10}}]},"8":{"loc":{"start":{"line":107,"column":6},"end":{"line":107,"column":79}},"type":"if","locations":[{"start":{"line":107,"column":6},"end":{"line":107,"column":79}}]},"9":{"loc":{"start":{"line":121,"column":6},"end":{"line":127,"column":10}},"type":"if","locations":[{"start":{"line":121,"column":6},"end":{"line":127,"column":10}}]}},"s":{"0":1,"1":1,"2":1,"3":1,"4":1,"5":1,"6":1,"7":1,"8":1,"9":1,"10":1,"11":1,"12":1,"13":1,"14":1,"15":1,"16":1,"17":1,"18":1,"19":0,"20":1,"21":1,"22":1,"23":1,"24":1,"25":1,"26":1,"27":1,"28":0,"29":1,"30":1,"31":1,"32":1,"33":1,"34":1,"35":1,"36":0,"37":1,"38":1,"39":1,"40":1,"41":1,"42":1,"43":0,"44":1,"45":1,"46":0,"47":1,"48":1,"49":1,"50":1,"51":0,"52":1,"53":1,"54":1,"55":1,"56":1,"57":1,"58":0,"59":1,"60":1,"61":1},"f":{"0":1,"1":1,"2":1,"3":1,"4":1,"5":1,"6":1,"7":1,"8":1,"9":1,"10":1},"b":{"0":[1,1],"1":[0],"2":[0],"3":[1,1],"4":[0],"5":[0],"6":[0],"7":[0],"8":[0],"9":[0]}}
,"C:\\Users\\user\\OneDrive\\Desktop\\ATLP\\ATLP\\BACKEND\\portfolio\\src\\controllers\\blogController.ts": {"path":"C:\\Users\\user\\OneDrive\\Desktop\\ATLP\\ATLP\\BACKEND\\portfolio\\src\\controllers\\blogController.ts","statementMap":{"0":{"start":{"line":4,"column":0},"end":{"line":4,"column":45}},"1":{"start":{"line":5,"column":0},"end":{"line":5,"column":41}},"2":{"start":{"line":6,"column":0},"end":{"line":6,"column":39}},"3":{"start":{"line":21,"column":0},"end":{"line":21,"column":21}},"4":{"start":{"line":22,"column":9},"end":{"line":22,"column":23}},"5":{"start":{"line":23,"column":58},"end":{"line":30,"column":null}},"6":{"start":{"line":24,"column":20},"end":{"line":24,"column":null}},"7":{"start":{"line":24,"column":12},"end":{"line":24,"column":null}},"8":{"start":{"line":25,"column":6},"end":{"line":29,"column":9}},"9":{"start":{"line":33,"column":9},"end":{"line":33,"column":22}},"10":{"start":{"line":34,"column":58},"end":{"line":58,"column":null}},"11":{"start":{"line":35,"column":12},"end":{"line":35,"column":37}},"12":{"start":{"line":36,"column":12},"end":{"line":43,"column":9}},"13":{"start":{"line":45,"column":6},"end":{"line":45,"column":27}},"14":{"start":{"line":54,"column":6},"end":{"line":57,"column":9}},"15":{"start":{"line":60,"column":9},"end":{"line":60,"column":22}},"16":{"start":{"line":61,"column":58},"end":{"line":74,"column":null}},"17":{"start":{"line":62,"column":12},"end":{"line":62,"column":31}},"18":{"start":{"line":63,"column":19},"end":{"line":66,"column":null}},"19":{"start":{"line":63,"column":12},"end":{"line":66,"column":null}},"20":{"start":{"line":67,"column":6},"end":{"line":69,"column":7}},"21":{"start":{"line":68,"column":8},"end":{"line":68,"column":70}},"22":{"start":{"line":70,"column":6},"end":{"line":73,"column":9}},"23":{"start":{"line":76,"column":9},"end":{"line":76,"column":22}},"24":{"start":{"line":77,"column":58},"end":{"line":88,"column":null}},"25":{"start":{"line":78,"column":19},"end":{"line":78,"column":null}},"26":{"start":{"line":78,"column":12},"end":{"line":78,"column":null}},"27":{"start":{"line":79,"column":6},"end":{"line":83,"column":7}},"28":{"start":{"line":80,"column":8},"end":{"line":82,"column":10}},"29":{"start":{"line":84,"column":6},"end":{"line":87,"column":9}},"30":{"start":{"line":90,"column":9},"end":{"line":90,"column":19}},"31":{"start":{"line":91,"column":58},"end":{"line":101,"column":null}},"32":{"start":{"line":92,"column":12},"end":{"line":92,"column":31}},"33":{"start":{"line":93,"column":19},"end":{"line":93,"column":null}},"34":{"start":{"line":93,"column":12},"end":{"line":93,"column":null}},"35":{"start":{"line":94,"column":6},"end":{"line":96,"column":7}},"36":{"start":{"line":95,"column":8},"end":{"line":95,"column":74}},"37":{"start":{"line":97,"column":6},"end":{"line":100,"column":9}},"38":{"start":{"line":103,"column":0},"end":{"line":103,"column":null}},"39":{"start":{"line":21,"column":21},"end":{"line":21,"column":null}}},"fnMap":{"0":{"name":"(anonymous_14)","decl":{"start":{"line":21,"column":0},"end":{"line":21,"column":21}},"loc":{"start":{"line":21,"column":0},"end":{"line":21,"column":21}}},"1":{"name":"(anonymous_16)","decl":{"start":{"line":23,"column":4},"end":{"line":23,"column":11}},"loc":{"start":{"line":23,"column":58},"end":{"line":30,"column":null}}},"2":{"name":"(anonymous_17)","decl":{"start":{"line":23,"column":58},"end":{"line":23,"column":null}},"loc":{"start":{"line":23,"column":58},"end":{"line":30,"column":null}}},"3":{"name":"(anonymous_19)","decl":{"start":{"line":34,"column":4},"end":{"line":34,"column":11}},"loc":{"start":{"line":34,"column":58},"end":{"line":58,"column":null}}},"4":{"name":"(anonymous_20)","decl":{"start":{"line":34,"column":58},"end":{"line":34,"column":null}},"loc":{"start":{"line":34,"column":58},"end":{"line":58,"column":null}}},"5":{"name":"(anonymous_22)","decl":{"start":{"line":61,"column":4},"end":{"line":61,"column":11}},"loc":{"start":{"line":61,"column":58},"end":{"line":74,"column":null}}},"6":{"name":"(anonymous_23)","decl":{"start":{"line":61,"column":58},"end":{"line":61,"column":null}},"loc":{"start":{"line":61,"column":58},"end":{"line":74,"column":null}}},"7":{"name":"(anonymous_25)","decl":{"start":{"line":77,"column":4},"end":{"line":77,"column":11}},"loc":{"start":{"line":77,"column":58},"end":{"line":88,"column":null}}},"8":{"name":"(anonymous_26)","decl":{"start":{"line":77,"column":58},"end":{"line":77,"column":null}},"loc":{"start":{"line":77,"column":58},"end":{"line":88,"column":null}}},"9":{"name":"(anonymous_28)","decl":{"start":{"line":91,"column":4},"end":{"line":91,"column":11}},"loc":{"start":{"line":91,"column":58},"end":{"line":101,"column":null}}},"10":{"name":"(anonymous_29)","decl":{"start":{"line":91,"column":58},"end":{"line":91,"column":null}},"loc":{"start":{"line":91,"column":58},"end":{"line":101,"column":null}}}},"branchMap":{"0":{"loc":{"start":{"line":24,"column":20},"end":{"line":24,"column":null}},"type":"switch","locations":[{"start":{"line":24,"column":20},"end":{"line":24,"column":null}}]},"1":{"loc":{"start":{"line":67,"column":6},"end":{"line":69,"column":7}},"type":"if","locations":[{"start":{"line":67,"column":6},"end":{"line":69,"column":7}}]},"2":{"loc":{"start":{"line":78,"column":19},"end":{"line":78,"column":null}},"type":"switch","locations":[{"start":{"line":78,"column":19},"end":{"line":78,"column":null}}]},"3":{"loc":{"start":{"line":79,"column":6},"end":{"line":83,"column":7}},"type":"if","locations":[{"start":{"line":79,"column":6},"end":{"line":83,"column":7}}]},"4":{"loc":{"start":{"line":94,"column":6},"end":{"line":96,"column":7}},"type":"if","locations":[{"start":{"line":94,"column":6},"end":{"line":96,"column":7}}]}},"s":{"0":1,"1":1,"2":1,"3":1,"4":1,"5":1,"6":1,"7":1,"8":1,"9":1,"10":1,"11":1,"12":1,"13":2,"14":1,"15":1,"16":0,"17":0,"18":0,"19":0,"20":0,"21":0,"22":0,"23":1,"24":0,"25":0,"26":0,"27":0,"28":0,"29":0,"30":1,"31":0,"32":0,"33":0,"34":0,"35":0,"36":0,"37":0,"38":1,"39":1},"f":{"0":1,"1":1,"2":1,"3":1,"4":1,"5":0,"6":0,"7":0,"8":0,"9":0,"10":0},"b":{"0":[1],"1":[0],"2":[0],"3":[0],"4":[0]}}
,"C:\\Users\\user\\OneDrive\\Desktop\\ATLP\\ATLP\\BACKEND\\portfolio\\src\\controllers\\errorController.ts": {"path":"C:\\Users\\user\\OneDrive\\Desktop\\ATLP\\ATLP\\BACKEND\\portfolio\\src\\controllers\\errorController.ts","statementMap":{"0":{"start":{"line":4,"column":0},"end":{"line":4,"column":21}},"1":{"start":{"line":5,"column":9},"end":{"line":40,"column":4}},"2":{"start":{"line":11,"column":4},"end":{"line":11,"column":43}},"3":{"start":{"line":12,"column":4},"end":{"line":12,"column":39}},"4":{"start":{"line":13,"column":4},"end":{"line":20,"column":5}},"5":{"start":{"line":14,"column":15},"end":{"line":14,"column":28}},"6":{"start":{"line":15,"column":6},"end":{"line":19,"column":9}},"7":{"start":{"line":17,"column":23},"end":{"line":17,"column":34}},"8":{"start":{"line":21,"column":4},"end":{"line":25,"column":5}},"9":{"start":{"line":22,"column":6},"end":{"line":24,"column":9}},"10":{"start":{"line":26,"column":4},"end":{"line":29,"column":9}},"11":{"start":{"line":27,"column":6},"end":{"line":29,"column":9}},"12":{"start":{"line":30,"column":4},"end":{"line":33,"column":9}},"13":{"start":{"line":31,"column":6},"end":{"line":33,"column":9}},"14":{"start":{"line":34,"column":4},"end":{"line":39,"column":7}},"15":{"start":{"line":41,"column":0},"end":{"line":41,"column":null}},"16":{"start":{"line":4,"column":21},"end":{"line":4,"column":null}}},"fnMap":{"0":{"name":"(anonymous_2)","decl":{"start":{"line":4,"column":0},"end":{"line":4,"column":21}},"loc":{"start":{"line":4,"column":0},"end":{"line":4,"column":21}}},"1":{"name":"(anonymous_4)","decl":{"start":{"line":5,"column":24},"end":{"line":5,"column":null}},"loc":{"start":{"line":9,"column":22},"end":{"line":40,"column":3}}},"2":{"name":"(anonymous_5)","decl":{"start":{"line":17,"column":15},"end":{"line":17,"column":16}},"loc":{"start":{"line":17,"column":18},"end":{"line":17,"column":25}}}},"branchMap":{"0":{"loc":{"start":{"line":11,"column":21},"end":{"line":11,"column":42}},"type":"binary-expr","locations":[{"start":{"line":11,"column":21},"end":{"line":11,"column":35}},{"start":{"line":11,"column":39},"end":{"line":11,"column":42}}]},"1":{"loc":{"start":{"line":12,"column":17},"end":{"line":12,"column":38}},"type":"binary-expr","locations":[{"start":{"line":12,"column":17},"end":{"line":12,"column":27}},{"start":{"line":12,"column":31},"end":{"line":12,"column":38}}]},"2":{"loc":{"start":{"line":13,"column":4},"end":{"line":20,"column":5}},"type":"if","locations":[{"start":{"line":13,"column":4},"end":{"line":20,"column":5}}]},"3":{"loc":{"start":{"line":21,"column":4},"end":{"line":25,"column":5}},"type":"if","locations":[{"start":{"line":21,"column":4},"end":{"line":25,"column":5}}]},"4":{"loc":{"start":{"line":26,"column":4},"end":{"line":29,"column":9}},"type":"if","locations":[{"start":{"line":26,"column":4},"end":{"line":29,"column":9}}]},"5":{"loc":{"start":{"line":30,"column":4},"end":{"line":33,"column":9}},"type":"if","locations":[{"start":{"line":30,"column":4},"end":{"line":33,"column":9}}]}},"s":{"0":1,"1":1,"2":0,"3":0,"4":0,"5":0,"6":0,"7":0,"8":0,"9":0,"10":0,"11":0,"12":0,"13":0,"14":0,"15":1,"16":1},"f":{"0":1,"1":0,"2":0},"b":{"0":[0,0],"1":[0,0],"2":[0],"3":[0],"4":[0],"5":[0]}}
,"C:\\Users\\user\\OneDrive\\Desktop\\ATLP\\ATLP\\BACKEND\\portfolio\\src\\controllers\\userController.ts": {"path":"C:\\Users\\user\\OneDrive\\Desktop\\ATLP\\ATLP\\BACKEND\\portfolio\\src\\controllers\\userController.ts","statementMap":{"0":{"start":{"line":2,"column":0},"end":{"line":2,"column":47}},"1":{"start":{"line":3,"column":0},"end":{"line":3,"column":39}},"2":{"start":{"line":4,"column":0},"end":{"line":4,"column":41}},"3":{"start":{"line":6,"column":0},"end":{"line":6,"column":21}},"4":{"start":{"line":7,"column":9},"end":{"line":7,"column":23}},"5":{"start":{"line":8,"column":58},"end":{"line":18,"column":null}},"6":{"start":{"line":9,"column":20},"end":{"line":9,"column":null}},"7":{"start":{"line":9,"column":12},"end":{"line":9,"column":null}},"8":{"start":{"line":10,"column":6},"end":{"line":12,"column":7}},"9":{"start":{"line":11,"column":8},"end":{"line":11,"column":57}},"10":{"start":{"line":13,"column":6},"end":{"line":17,"column":9}},"11":{"start":{"line":21,"column":9},"end":{"line":21,"column":19}},"12":{"start":{"line":22,"column":58},"end":{"line":32,"column":null}},"13":{"start":{"line":23,"column":12},"end":{"line":23,"column":31}},"14":{"start":{"line":24,"column":19},"end":{"line":24,"column":null}},"15":{"start":{"line":24,"column":12},"end":{"line":24,"column":null}},"16":{"start":{"line":25,"column":6},"end":{"line":27,"column":7}},"17":{"start":{"line":26,"column":8},"end":{"line":26,"column":69}},"18":{"start":{"line":28,"column":6},"end":{"line":31,"column":9}},"19":{"start":{"line":34,"column":0},"end":{"line":34,"column":null}},"20":{"start":{"line":6,"column":21},"end":{"line":6,"column":null}}},"fnMap":{"0":{"name":"(anonymous_14)","decl":{"start":{"line":6,"column":0},"end":{"line":6,"column":21}},"loc":{"start":{"line":6,"column":0},"end":{"line":6,"column":21}}},"1":{"name":"(anonymous_16)","decl":{"start":{"line":8,"column":4},"end":{"line":8,"column":11}},"loc":{"start":{"line":8,"column":58},"end":{"line":18,"column":null}}},"2":{"name":"(anonymous_17)","decl":{"start":{"line":8,"column":58},"end":{"line":8,"column":null}},"loc":{"start":{"line":8,"column":58},"end":{"line":18,"column":null}}},"3":{"name":"(anonymous_19)","decl":{"start":{"line":22,"column":4},"end":{"line":22,"column":11}},"loc":{"start":{"line":22,"column":58},"end":{"line":32,"column":null}}},"4":{"name":"(anonymous_20)","decl":{"start":{"line":22,"column":58},"end":{"line":22,"column":null}},"loc":{"start":{"line":22,"column":58},"end":{"line":32,"column":null}}}},"branchMap":{"0":{"loc":{"start":{"line":9,"column":20},"end":{"line":9,"column":null}},"type":"switch","locations":[{"start":{"line":9,"column":20},"end":{"line":9,"column":null}}]},"1":{"loc":{"start":{"line":10,"column":6},"end":{"line":12,"column":7}},"type":"if","locations":[{"start":{"line":10,"column":6},"end":{"line":12,"column":7}}]},"2":{"loc":{"start":{"line":25,"column":6},"end":{"line":27,"column":7}},"type":"if","locations":[{"start":{"line":25,"column":6},"end":{"line":27,"column":7}}]}},"s":{"0":1,"1":1,"2":1,"3":1,"4":1,"5":0,"6":0,"7":0,"8":0,"9":0,"10":0,"11":1,"12":0,"13":0,"14":0,"15":0,"16":0,"17":0,"18":0,"19":1,"20":1},"f":{"0":1,"1":0,"2":0,"3":0,"4":0},"b":{"0":[0],"1":[0],"2":[0]}}
,"C:\\Users\\user\\OneDrive\\Desktop\\ATLP\\ATLP\\BACKEND\\portfolio\\src\\models\\blogModel.ts": {"path":"C:\\Users\\user\\OneDrive\\Desktop\\ATLP\\ATLP\\BACKEND\\portfolio\\src\\models\\blogModel.ts","statementMap":{"0":{"start":{"line":1,"column":0},"end":{"line":1,"column":41}},"1":{"start":{"line":4,"column":19},"end":{"line":19,"column":2}},"2":{"start":{"line":20,"column":13},"end":{"line":20,"column":38}},"3":{"start":{"line":21,"column":0},"end":{"line":21,"column":20}}},"fnMap":{},"branchMap":{},"s":{"0":1,"1":1,"2":1,"3":1},"f":{},"b":{}}
,"C:\\Users\\user\\OneDrive\\Desktop\\ATLP\\ATLP\\BACKEND\\portfolio\\src\\models\\userModel.ts": {"path":"C:\\Users\\user\\OneDrive\\Desktop\\ATLP\\ATLP\\BACKEND\\portfolio\\src\\models\\userModel.ts","statementMap":{"0":{"start":{"line":1,"column":0},"end":{"line":1,"column":51}},"1":{"start":{"line":2,"column":0},"end":{"line":2,"column":28}},"2":{"start":{"line":3,"column":0},"end":{"line":3,"column":34}},"3":{"start":{"line":9,"column":13},"end":{"line":35,"column":3}},"4":{"start":{"line":36,"column":0},"end":{"line":39,"column":3}},"5":{"start":{"line":37,"column":2},"end":{"line":37,"column":7}},"6":{"start":{"line":37,"column":18},"end":{"line":37,"column":55}},"7":{"start":{"line":37,"column":2},"end":{"line":37,"column":55}},"8":{"start":{"line":38,"column":2},"end":{"line":38,"column":9}},"9":{"start":{"line":46,"column":13},"end":{"line":46,"column":38}},"10":{"start":{"line":47,"column":0},"end":{"line":47,"column":20}}},"fnMap":{"0":{"name":"(anonymous_14)","decl":{"start":{"line":36,"column":23},"end":{"line":36,"column":39}},"loc":{"start":{"line":36,"column":43},"end":{"line":39,"column":2}}}},"branchMap":{},"s":{"0":1,"1":1,"2":1,"3":1,"4":1,"5":2,"6":2,"7":2,"8":2,"9":1,"10":1},"f":{"0":2},"b":{}}
,"C:\\Users\\user\\OneDrive\\Desktop\\ATLP\\ATLP\\BACKEND\\portfolio\\src\\routers\\blogRouter.ts": {"path":"C:\\Users\\user\\OneDrive\\Desktop\\ATLP\\ATLP\\BACKEND\\portfolio\\src\\routers\\blogRouter.ts","statementMap":{"0":{"start":{"line":2,"column":0},"end":{"line":2,"column":33}},"1":{"start":{"line":3,"column":0},"end":{"line":3,"column":59}},"2":{"start":{"line":4,"column":0},"end":{"line":4,"column":59}},"3":{"start":{"line":7,"column":2},"end":{"line":7,"column":17}},"4":{"start":{"line":8,"column":38},"end":{"line":8,"column":53}},"5":{"start":{"line":9,"column":19},"end":{"line":9,"column":27}},"6":{"start":{"line":11,"column":0},"end":{"line":14,"column":47}},"7":{"start":{"line":15,"column":0},"end":{"line":19,"column":49}},"8":{"start":{"line":21,"column":0},"end":{"line":21,"column":26}}},"fnMap":{},"branchMap":{},"s":{"0":1,"1":1,"2":1,"3":5,"4":2,"5":1,"6":1,"7":1,"8":1},"f":{},"b":{}}
,"C:\\Users\\user\\OneDrive\\Desktop\\ATLP\\ATLP\\BACKEND\\portfolio\\src\\routers\\userRouter.ts": {"path":"C:\\Users\\user\\OneDrive\\Desktop\\ATLP\\ATLP\\BACKEND\\portfolio\\src\\routers\\userRouter.ts","statementMap":{"0":{"start":{"line":1,"column":0},"end":{"line":1,"column":33}},"1":{"start":{"line":2,"column":0},"end":{"line":2,"column":59}},"2":{"start":{"line":3,"column":0},"end":{"line":3,"column":60}},"3":{"start":{"line":4,"column":24},"end":{"line":4,"column":39}},"4":{"start":{"line":5,"column":53},"end":{"line":5,"column":69}},"5":{"start":{"line":6,"column":19},"end":{"line":6,"column":27}},"6":{"start":{"line":8,"column":0},"end":{"line":8,"column":35}},"7":{"start":{"line":9,"column":0},"end":{"line":9,"column":33}},"8":{"start":{"line":10,"column":0},"end":{"line":10,"column":66}},"9":{"start":{"line":12,"column":0},"end":{"line":12,"column":26}}},"fnMap":{},"branchMap":{},"s":{"0":1,"1":1,"2":1,"3":1,"4":4,"5":1,"6":1,"7":1,"8":1,"9":1},"f":{},"b":{}}
,"C:\\Users\\user\\OneDrive\\Desktop\\ATLP\\ATLP\\BACKEND\\portfolio\\src\\utils\\appError.ts": {"path":"C:\\Users\\user\\OneDrive\\Desktop\\ATLP\\ATLP\\BACKEND\\portfolio\\src\\utils\\appError.ts","statementMap":{"0":{"start":{"line":1,"column":0},"end":{"line":1,"column":null}},"1":{"start":{"line":1,"column":38},"end":{"line":1,"column":43}},"2":{"start":{"line":6,"column":4},"end":{"line":6,"column":19}},"3":{"start":{"line":5,"column":21},"end":{"line":5,"column":36}},"4":{"start":{"line":5,"column":45},"end":{"line":5,"column":63}},"5":{"start":{"line":7,"column":4},"end":{"line":7,"column":74}},"6":{"start":{"line":8,"column":4},"end":{"line":8,"column":30}},"7":{"start":{"line":9,"column":4},"end":{"line":9,"column":21}},"8":{"start":{"line":10,"column":4},"end":{"line":10,"column":52}},"9":{"start":{"line":12,"column":0},"end":{"line":12,"column":null}}},"fnMap":{"0":{"name":"(anonymous_6)","decl":{"start":{"line":1,"column":0},"end":{"line":1,"column":38}},"loc":{"start":{"line":1,"column":0},"end":{"line":12,"column":null}}},"1":{"name":"AppError","decl":{"start":{"line":5,"column":2},"end":{"line":5,"column":21}},"loc":{"start":{"line":5,"column":63},"end":{"line":11,"column":3}}}},"branchMap":{"0":{"loc":{"start":{"line":6,"column":4},"end":{"line":6,"column":19}},"type":"binary-expr","locations":[{"start":{"line":6,"column":4},"end":{"line":6,"column":18}},{"start":{"line":6,"column":18},"end":{"line":6,"column":19}}]},"1":{"loc":{"start":{"line":7,"column":18},"end":{"line":7,"column":73}},"type":"cond-expr","locations":[{"start":{"line":7,"column":57},"end":{"line":7,"column":63}},{"start":{"line":7,"column":66},"end":{"line":7,"column":73}}]}},"s":{"0":1,"1":1,"2":0,"3":0,"4":0,"5":0,"6":0,"7":0,"8":0,"9":1},"f":{"0":1,"1":0},"b":{"0":[0,0],"1":[0,0]}}
,"C:\\Users\\user\\OneDrive\\Desktop\\ATLP\\ATLP\\BACKEND\\portfolio\\src\\utils\\catchAsync.ts": {"path":"C:\\Users\\user\\OneDrive\\Desktop\\ATLP\\ATLP\\BACKEND\\portfolio\\src\\utils\\catchAsync.ts","statementMap":{"0":{"start":{"line":4,"column":2},"end":{"line":6,"column":4}},"1":{"start":{"line":5,"column":4},"end":{"line":5,"column":35}},"2":{"start":{"line":3,"column":0},"end":{"line":3,"column":24}}},"fnMap":{"0":{"name":"catchAsync","decl":{"start":{"line":3,"column":24},"end":{"line":3,"column":34}},"loc":{"start":{"line":3,"column":47},"end":{"line":7,"column":1}}},"1":{"name":"(anonymous_1)","decl":{"start":{"line":4,"column":9},"end":{"line":4,"column":10}},"loc":{"start":{"line":4,"column":53},"end":{"line":6,"column":3}}}},"branchMap":{},"s":{"0":11,"1":6,"2":1},"f":{"0":11,"1":6},"b":{}}
,"C:\\Users\\user\\OneDrive\\Desktop\\ATLP\\ATLP\\BACKEND\\portfolio\\src\\utils\\invalidUrl.ts": {"path":"C:\\Users\\user\\OneDrive\\Desktop\\ATLP\\ATLP\\BACKEND\\portfolio\\src\\utils\\invalidUrl.ts","statementMap":{"0":{"start":{"line":3,"column":0},"end":{"line":3,"column":null}},"1":{"start":{"line":4,"column":9},"end":{"line":9,"column":null}},"2":{"start":{"line":5,"column":4},"end":{"line":8,"column":7}},"3":{"start":{"line":10,"column":0},"end":{"line":10,"column":null}}},"fnMap":{"0":{"name":"(anonymous_0)","decl":{"start":{"line":3,"column":0},"end":{"line":3,"column":null}},"loc":{"start":{"line":3,"column":0},"end":{"line":10,"column":null}}},"1":{"name":"(anonymous_2)","decl":{"start":{"line":4,"column":2},"end":{"line":4,"column":9}},"loc":{"start":{"line":4,"column":53},"end":{"line":9,"column":3}}}},"branchMap":{},"s":{"0":1,"1":1,"2":0,"3":1},"f":{"0":1,"1":0},"b":{}}
,"C:\\Users\\user\\OneDrive\\Desktop\\ATLP\\ATLP\\BACKEND\\portfolio\\src\\utils\\jwt.ts": {"path":"C:\\Users\\user\\OneDrive\\Desktop\\ATLP\\ATLP\\BACKEND\\portfolio\\src\\utils\\jwt.ts","statementMap":{"0":{"start":{"line":1,"column":0},"end":{"line":1,"column":28}},"1":{"start":{"line":2,"column":0},"end":{"line":2,"column":31}},"2":{"start":{"line":5,"column":0},"end":{"line":5,"column":45}},"3":{"start":{"line":6,"column":0},"end":{"line":6,"column":null}},"4":{"start":{"line":10,"column":12},"end":{"line":10,"column":null}},"5":{"start":{"line":11,"column":12},"end":{"line":11,"column":null}},"6":{"start":{"line":9,"column":2},"end":{"line":9,"column":null}},"7":{"start":{"line":10,"column":12},"end":{"line":10,"column":29}},"8":{"start":{"line":11,"column":12},"end":{"line":11,"column":33}},"9":{"start":{"line":16,"column":2},"end":{"line":20,"column":4}},"10":{"start":{"line":17,"column":4},"end":{"line":19,"column":7}},"11":{"start":{"line":21,"column":2},"end":{"line":26,"column":4}},"12":{"start":{"line":23,"column":4},"end":{"line":23,"column":null}},"13":{"start":{"line":25,"column":4},"end":{"line":25,"column":37}},"14":{"start":{"line":27,"column":0},"end":{"line":27,"column":null}}},"fnMap":{"0":{"name":"(anonymous_1)","decl":{"start":{"line":6,"column":0},"end":{"line":6,"column":null}},"loc":{"start":{"line":6,"column":0},"end":{"line":27,"column":null}}},"1":{"name":"JWT","decl":{"start":{"line":9,"column":2},"end":{"line":9,"column":null}},"loc":{"start":{"line":11,"column":65},"end":{"line":15,"column":3}}},"2":{"name":"(anonymous_3)","decl":{"start":{"line":16,"column":14},"end":{"line":16,"column":15}},"loc":{"start":{"line":16,"column":27},"end":{"line":20,"column":3}}},"3":{"name":"(anonymous_4)","decl":{"start":{"line":21,"column":16},"end":{"line":21,"column":null}},"loc":{"start":{"line":23,"column":44},"end":{"line":26,"column":3}}}},"branchMap":{"0":{"loc":{"start":{"line":10,"column":12},"end":{"line":10,"column":null}},"type":"if","locations":[{"start":{"line":10,"column":12},"end":{"line":10,"column":null}}]},"1":{"loc":{"start":{"line":11,"column":12},"end":{"line":11,"column":null}},"type":"if","locations":[{"start":{"line":11,"column":12},"end":{"line":11,"column":null}}]},"2":{"loc":{"start":{"line":23,"column":4},"end":{"line":23,"column":null}},"type":"if","locations":[{"start":{"line":23,"column":4},"end":{"line":23,"column":null}}]}},"s":{"0":1,"1":1,"2":1,"3":1,"4":4,"5":4,"6":2,"7":2,"8":2,"9":2,"10":2,"11":2,"12":1,"13":1,"14":1},"f":{"0":1,"1":2,"2":2,"3":1},"b":{"0":[2],"1":[2],"2":[0]}}
}
