TN:
SF:src\index.ts
FNF:0
FNH:0
DA:1,1
DA:2,1
DA:4,1
DA:5,1
DA:6,1
DA:8,1
DA:10,1
DA:11,1
DA:13,1
DA:14,1
DA:16,1
DA:17,1
DA:18,1
DA:19,1
DA:20,1
DA:22,1
LF:16
LH:16
BRF:0
BRH:0
end_of_record
TN:
SF:src\server.ts
FN:14,(anonymous_1)
FN:15,(anonymous_2)
FN:17,(anonymous_3)
FNF:3
FNH:2
FNDA:1,(anonymous_1)
FNDA:0,(anonymous_2)
FNDA:1,(anonymous_3)
DA:1,1
DA:2,1
DA:3,1
DA:5,1
DA:7,1
DA:8,1
DA:9,1
DA:10,1
DA:12,1
DA:14,1
DA:15,0
DA:17,1
DA:18,1
DA:20,1
LF:14
LH:13
BRDA:7,0,0,1
BRDA:7,0,1,0
BRF:2
BRH:1
end_of_record
TN:
SF:src\controllers\authController.ts
FN:33,(anonymous_14)
FN:35,(anonymous_15)
FN:39,(anonymous_17)
FN:41,(anonymous_19)
FN:41,(anonymous_20)
FN:71,(anonymous_22)
FN:71,(anonymous_23)
FN:88,(anonymous_25)
FN:88,(anonymous_26)
FN:116,(anonymous_28)
FN:116,(anonymous_29)
FNF:11
FNH:11
FNDA:1,(anonymous_14)
FNDA:1,(anonymous_15)
FNDA:1,(anonymous_17)
FNDA:1,(anonymous_19)
FNDA:1,(anonymous_20)
FNDA:1,(anonymous_22)
FNDA:1,(anonymous_23)
FNDA:1,(anonymous_25)
FNDA:1,(anonymous_26)
FNDA:1,(anonymous_28)
FNDA:1,(anonymous_29)
DA:1,1
DA:2,1
DA:3,1
DA:4,1
DA:6,1
DA:8,1
DA:10,1
DA:11,1
DA:33,1
DA:35,1
DA:37,1
DA:39,1
DA:40,1
DA:41,1
DA:42,1
DA:43,1
DA:44,1
DA:45,0
DA:48,1
DA:55,1
DA:62,1
DA:70,1
DA:71,1
DA:72,1
DA:73,1
DA:74,0
DA:75,1
DA:76,1
DA:77,0
DA:78,1
DA:80,1
DA:87,1
DA:88,1
DA:90,1
DA:91,1
DA:92,0
DA:94,1
DA:95,1
DA:96,0
DA:101,1
DA:106,1
DA:107,1
DA:111,1
DA:112,1
DA:115,1
DA:116,1
DA:118,1
DA:121,1
DA:122,0
DA:129,1
DA:132,1
LF:51
LH:45
BRDA:37,0,0,1
BRDA:37,0,1,1
BRDA:44,1,0,0
BRDA:73,2,0,0
BRDA:73,3,0,1
BRDA:73,3,1,1
BRDA:76,4,0,0
BRDA:76,5,0,0
BRDA:91,6,0,0
BRDA:95,7,0,0
BRDA:107,8,0,0
BRDA:121,9,0,0
BRF:12
BRH:4
end_of_record
TN:
SF:src\controllers\blogController.ts
FN:21,(anonymous_14)
FN:23,(anonymous_16)
FN:23,(anonymous_17)
FN:34,(anonymous_19)
FN:34,(anonymous_20)
FN:61,(anonymous_22)
FN:61,(anonymous_23)
FN:77,(anonymous_25)
FN:77,(anonymous_26)
FN:91,(anonymous_28)
FN:91,(anonymous_29)
FNF:11
FNH:5
FNDA:1,(anonymous_14)
FNDA:1,(anonymous_16)
FNDA:1,(anonymous_17)
FNDA:1,(anonymous_19)
FNDA:1,(anonymous_20)
FNDA:0,(anonymous_22)
FNDA:0,(anonymous_23)
FNDA:0,(anonymous_25)
FNDA:0,(anonymous_26)
FNDA:0,(anonymous_28)
FNDA:0,(anonymous_29)
DA:4,1
DA:5,1
DA:6,1
DA:21,1
DA:22,1
DA:23,1
DA:24,1
DA:25,1
DA:33,1
DA:34,1
DA:35,1
DA:36,1
DA:45,2
DA:54,1
DA:60,1
DA:61,0
DA:62,0
DA:63,0
DA:67,0
DA:68,0
DA:70,0
DA:76,1
DA:77,0
DA:78,0
DA:79,0
DA:80,0
DA:84,0
DA:90,1
DA:91,0
DA:92,0
DA:93,0
DA:94,0
DA:95,0
DA:97,0
DA:103,1
LF:35
LH:18
BRDA:24,0,0,1
BRDA:67,1,0,0
BRDA:78,2,0,0
BRDA:79,3,0,0
BRDA:94,4,0,0
BRF:5
BRH:1
end_of_record
TN:
SF:src\controllers\errorController.ts
FN:4,(anonymous_2)
FN:5,(anonymous_4)
FN:17,(anonymous_5)
FNF:3
FNH:1
FNDA:1,(anonymous_2)
FNDA:0,(anonymous_4)
FNDA:0,(anonymous_5)
DA:4,1
DA:5,1
DA:11,0
DA:12,0
DA:13,0
DA:14,0
DA:15,0
DA:17,0
DA:21,0
DA:22,0
DA:26,0
DA:27,0
DA:30,0
DA:31,0
DA:34,0
DA:41,1
LF:16
LH:3
BRDA:11,0,0,0
BRDA:11,0,1,0
BRDA:12,1,0,0
BRDA:12,1,1,0
BRDA:13,2,0,0
BRDA:21,3,0,0
BRDA:26,4,0,0
BRDA:30,5,0,0
BRF:8
BRH:0
end_of_record
TN:
SF:src\controllers\userController.ts
FN:6,(anonymous_14)
FN:8,(anonymous_16)
FN:8,(anonymous_17)
FN:22,(anonymous_19)
FN:22,(anonymous_20)
FNF:5
FNH:1
FNDA:1,(anonymous_14)
FNDA:0,(anonymous_16)
FNDA:0,(anonymous_17)
FNDA:0,(anonymous_19)
FNDA:0,(anonymous_20)
DA:2,1
DA:3,1
DA:4,1
DA:6,1
DA:7,1
DA:8,0
DA:9,0
DA:10,0
DA:11,0
DA:13,0
DA:21,1
DA:22,0
DA:23,0
DA:24,0
DA:25,0
DA:26,0
DA:28,0
DA:34,1
LF:18
LH:7
BRDA:9,0,0,0
BRDA:10,1,0,0
BRDA:25,2,0,0
BRF:3
BRH:0
end_of_record
TN:
SF:src\models\blogModel.ts
FNF:0
FNH:0
DA:1,1
DA:4,1
DA:20,1
DA:21,1
LF:4
LH:4
BRF:0
BRH:0
end_of_record
TN:
SF:src\models\userModel.ts
FN:36,(anonymous_14)
FNF:1
FNH:1
FNDA:2,(anonymous_14)
DA:1,1
DA:2,1
DA:3,1
DA:9,1
DA:36,1
DA:37,2
DA:38,2
DA:46,1
DA:47,1
LF:9
LH:9
BRF:0
BRH:0
end_of_record
TN:
SF:src\routers\blogRouter.ts
FNF:0
FNH:0
DA:2,1
DA:3,1
DA:4,1
DA:7,5
DA:8,2
DA:9,1
DA:11,1
DA:15,1
DA:21,1
LF:9
LH:9
BRF:0
BRH:0
end_of_record
TN:
SF:src\routers\userRouter.ts
FNF:0
FNH:0
DA:1,1
DA:2,1
DA:3,1
DA:4,1
DA:5,4
DA:6,1
DA:8,1
DA:9,1
DA:10,1
DA:12,1
LF:10
LH:10
BRF:0
BRH:0
end_of_record
TN:
SF:src\utils\appError.ts
FN:1,(anonymous_6)
FN:5,AppError
FNF:2
FNH:1
FNDA:1,(anonymous_6)
FNDA:0,AppError
DA:1,1
DA:5,0
DA:6,0
DA:7,0
DA:8,0
DA:9,0
DA:10,0
DA:12,1
LF:8
LH:2
BRDA:6,0,0,0
BRDA:6,0,1,0
BRDA:7,1,0,0
BRDA:7,1,1,0
BRF:4
BRH:0
end_of_record
TN:
SF:src\utils\catchAsync.ts
FN:3,catchAsync
FN:4,(anonymous_1)
FNF:2
FNH:2
FNDA:11,catchAsync
FNDA:6,(anonymous_1)
DA:3,1
DA:4,11
DA:5,6
LF:3
LH:3
BRF:0
BRH:0
end_of_record
TN:
SF:src\utils\invalidUrl.ts
FN:3,(anonymous_0)
FN:4,(anonymous_2)
FNF:2
FNH:1
FNDA:1,(anonymous_0)
FNDA:0,(anonymous_2)
DA:3,1
DA:4,1
DA:5,0
DA:10,1
LF:4
LH:3
BRF:0
BRH:0
end_of_record
TN:
SF:src\utils\jwt.ts
FN:6,(anonymous_1)
FN:9,JWT
FN:16,(anonymous_3)
FN:21,(anonymous_4)
FNF:4
FNH:4
FNDA:1,(anonymous_1)
FNDA:2,JWT
FNDA:2,(anonymous_3)
FNDA:1,(anonymous_4)
DA:1,1
DA:2,1
DA:5,1
DA:6,1
DA:9,2
DA:10,4
DA:11,4
DA:16,2
DA:17,2
DA:21,2
DA:23,1
DA:25,1
DA:27,1
LF:13
LH:13
BRDA:10,0,0,2
BRDA:11,1,0,2
BRDA:23,2,0,0
BRF:3
BRH:2
end_of_record
